[debug] [2019-09-16T22:51:38.862Z] ----------------------------------------------------------------------
[debug] [2019-09-16T22:51:38.865Z] Command:       /usr/local/bin/node /usr/local/bin/firebase deploy
[debug] [2019-09-16T22:51:38.866Z] CLI Version:   7.1.0
[debug] [2019-09-16T22:51:38.866Z] Platform:      darwin
[debug] [2019-09-16T22:51:38.866Z] Node Version:  v10.15.3
[debug] [2019-09-16T22:51:38.866Z] Time:          Mon Sep 16 2019 17:51:38 GMT-0500 (Colombia Standard Time)
[debug] [2019-09-16T22:51:38.867Z] ----------------------------------------------------------------------
[debug] 
[debug] [2019-09-16T22:51:38.880Z] > command requires scopes: ["email","openid","https://www.googleapis.com/auth/cloudplatformprojects.readonly","https://www.googleapis.com/auth/firebase","https://www.googleapis.com/auth/cloud-platform"]
[debug] [2019-09-16T22:51:38.880Z] > authorizing via signed-in user
[debug] [2019-09-16T22:51:38.881Z] [iam] checking project rodaditaapp for permissions ["cloudfunctions.functions.create","cloudfunctions.functions.delete","cloudfunctions.functions.get","cloudfunctions.functions.list","cloudfunctions.functions.update","cloudfunctions.operations.get","datastore.indexes.create","datastore.indexes.delete","datastore.indexes.list","datastore.indexes.update","firebase.projects.get","firebasehosting.sites.update","firebaserules.releases.create","firebaserules.releases.update","firebaserules.rulesets.create"]
[debug] [2019-09-16T22:51:38.882Z] >>> HTTP REQUEST POST https://cloudresourcemanager.googleapis.com/v1/projects/rodaditaapp:testIamPermissions  

[debug] [2019-09-16T22:51:39.665Z] <<< HTTP RESPONSE 200
[debug] [2019-09-16T22:51:39.670Z] >>> HTTP REQUEST GET https://firebase.googleapis.com/v1beta1/projects/rodaditaapp  
 
[debug] [2019-09-16T22:51:40.102Z] <<< HTTP RESPONSE 200
[warn] ⚠  functions: package.json indicates an outdated version of firebase-functions.
 Please upgrade using npm install --save firebase-functions@latest in your functions directory.
[info] 
[info] === Deploying to 'rodaditaapp'...
[info] 
[info] i  deploying storage, firestore, functions, hosting
[info] Running command: npm --prefix "$RESOURCE_DIR" run lint
[info] ✔  functions: Finished running predeploy script.
[debug] [2019-09-16T22:51:43.834Z] >>> HTTP REQUEST GET https://appengine.googleapis.com/v1/apps/rodaditaapp  
 
[debug] [2019-09-16T22:51:44.879Z] <<< HTTP RESPONSE 200
[info] i  storage: checking storage.rules for compilation errors...
[debug] [2019-09-16T22:51:44.884Z] >>> HTTP REQUEST POST https://firebaserules.googleapis.com/v1/projects/rodaditaapp:test  

